<?xml version="1.0" encoding="UTF-8"?>
<!-- Generated by org.testng.reporters.JUnitXMLReporter -->
<testsuite ignored="3" hostname="DESKTOP-UMRLRJO" failures="0" tests="1" name="chromeTest" time="13.382" errors="0" timestamp="2024-10-16T00:30:18 IST">
  <testcase classname="testScript.LoginTest" name="verifyUserIsNotAbleToLoginInUsingInValidPassword" time="2.072"/>
  <testcase classname="testScript.LoginTest" name="verifyUserIsNotAbleToLoginInUsingInValidCredentials" time="0.0">
    <ignored/>
  </testcase> <!-- verifyUserIsNotAbleToLoginInUsingInValidCredentials -->
  <testcase classname="testScript.LoginTest" name="verifyUserIsAbleToLoginInUsingValidCredentials" time="0.0">
    <ignored/>
  </testcase> <!-- verifyUserIsAbleToLoginInUsingValidCredentials -->
  <testcase classname="testScript.LoginTest" name="verifyUserIsNotAbleToLoginInUsingInValidUsername" time="0.0">
    <ignored/>
  </testcase> <!-- verifyUserIsNotAbleToLoginInUsingInValidUsername -->
</testsuite> <!-- chromeTest -->
