<?xml version="1.0" encoding="UTF-8"?>
<!-- Generated by org.testng.reporters.JUnitXMLReporter -->
<testsuite ignored="3" hostname="DESKTOP-UMRLRJO" failures="0" tests="1" name="grouping.xml" time="10.622" errors="0" timestamp="2024-10-16T00:55:27 IST">
  <testcase classname="testScript.LoginTest" name="verifyUserIsNotAbleToLoginInUsingInValidCredentials" time="1.358"/>
  <testcase classname="testScript.LoginTest" name="verifyUserIsAbleToLoginInUsingValidCredentials" time="0.0">
    <ignored/>
  </testcase> <!-- verifyUserIsAbleToLoginInUsingValidCredentials -->
  <testcase classname="testScript.LoginTest" name="verifyUserIsNotAbleToLoginInUsingInValidPassword" time="0.0">
    <ignored/>
  </testcase> <!-- verifyUserIsNotAbleToLoginInUsingInValidPassword -->
  <testcase classname="testScript.LoginTest" name="verifyUserIsNotAbleToLoginInUsingInValidUsername" time="0.0">
    <ignored/>
  </testcase> <!-- verifyUserIsNotAbleToLoginInUsingInValidUsername -->
</testsuite> <!-- grouping.xml -->
